<?xml version="1.0" encoding="utf-8" standalone="no"?>
<!--This file represents the results of running a test suite-->
<test-results name="C:\Users\Weronika\Documents\Visual Studio 2013\Projects\TwitterWCFService\TwitterWCFService.Tests\bin\Debug\TwitterWCFService.Tests.dll" total="9" errors="0" failures="0" not-run="0" inconclusive="0" ignored="0" skipped="0" invalid="0" date="2015-02-22" time="09:11:50">
  <environment nunit-version="2.6.4.14350" clr-version="2.0.50727.8009" os-version="Microsoft Windows NT 6.2.9200.0" platform="Win32NT" cwd="C:\Program Files (x86)\NUnit 2.6.4\bin" machine-name="WERONIKA" user="Weronika" user-domain="WERONIKA" />
  <culture-info current-culture="en-US" current-uiculture="en-US" />
  <test-suite type="Assembly" name="C:\Users\Weronika\Documents\Visual Studio 2013\Projects\TwitterWCFService\TwitterWCFService.Tests\bin\Debug\TwitterWCFService.Tests.dll" executed="True" result="Success" success="True" time="6.732" asserts="0">
    <results>
      <test-suite type="Namespace" name="TwitterWCFService" executed="True" result="Success" success="True" time="6.543" asserts="0">
        <results>
          <test-suite type="Namespace" name="Tests" executed="True" result="Success" success="True" time="6.538" asserts="0">
            <results>
              <test-suite type="TestFixture" name="AuthorizationTests" executed="True" result="Success" success="True" time="0.695" asserts="0">
                <results>
                  <test-case name="TwitterWCFService.Tests.AuthorizationTests.InitSignatureBaseString_ValidInput_ContainsHttpMethodValue" executed="True" result="Success" success="True" time="0.511" asserts="1" />
                  <test-case name="TwitterWCFService.Tests.AuthorizationTests.InitSignatureBaseString_ValidInput_ContainsNonceValue" executed="True" result="Success" success="True" time="0.002" asserts="1" />
                  <test-case name="TwitterWCFService.Tests.AuthorizationTests.InitSignatureBaseString_ValidInput_ContainsTimestamp" executed="True" result="Success" success="True" time="0.002" asserts="1" />
                  <test-case name="TwitterWCFService.Tests.AuthorizationTests.InitSignatureBaseString_ValidInput_ContainsTrackValue" executed="True" result="Success" success="True" time="0.002" asserts="1" />
                </results>
              </test-suite>
              <test-suite type="TestFixture" name="TwitterRequestFactoryTests" executed="True" result="Success" success="True" time="5.789" asserts="0">
                <results>
                  <test-case name="TwitterWCFService.Tests.TwitterRequestFactoryTests.AddParameters_ValidInput_ReturnsObjNotNull" executed="True" result="Success" success="True" time="5.061" asserts="1" />
                  <test-case name="TwitterWCFService.Tests.TwitterRequestFactoryTests.GetAuthValue_ValidInput_ReturnsObjNotNullOrEmpty" executed="True" result="Success" success="True" time="0.016" asserts="1" />
                  <test-case name="TwitterWCFService.Tests.TwitterRequestFactoryTests.InitRequest_ValidInput_ReturnsObjNotNull" executed="True" result="Success" success="True" time="0.624" asserts="1" />
                  <test-case name="TwitterWCFService.Tests.TwitterRequestFactoryTests.ToBytes_StringInput_ReturnsObjNotEmpty" executed="True" result="Success" success="True" time="0.005" asserts="1" />
                  <test-case name="TwitterWCFService.Tests.TwitterRequestFactoryTests.ToBytes_StringInput_ReturnsObjNotNull" executed="True" result="Success" success="True" time="0.002" asserts="1" />
                </results>
              </test-suite>
            </results>
          </test-suite>
        </results>
      </test-suite>
    </results>
  </test-suite>
</test-results>